#
# There is insufficient memory for the Java Runtime Environment to continue.
# Native memory allocation (malloc) failed to allocate 349728 bytes. Error detail: Chunk::new
# Possible reasons:
#   The system is out of physical RAM or swap space
#   This process is running with CompressedOops enabled, and the Java Heap may be blocking the growth of the native heap
# Possible solutions:
#   Reduce memory load on the system
#   Increase physical memory or swap space
#   Check if swap backing store is full
#   Decrease Java heap size (-Xmx/-Xms)
#   Decrease number of Java threads
#   Decrease Java thread stack sizes (-Xss)
#   Set larger code cache with -XX:ReservedCodeCacheSize=
#   JVM is running with Zero Based Compressed Oops mode in which the Java heap is
#     placed in the first 32GB address space. The Java Heap base address is the
#     maximum limit for the native heap growth. Please use -XX:HeapBaseMinAddress
#     to set the Java Heap base and to place the Java Heap above 32GB virtual address.
# This output file may be truncated or incomplete.
#
#  Out of Memory Error (arena.cpp:168), pid=22244, tid=25312
#
# JRE version: OpenJDK Runtime Environment Temurin-21.0.9+10 (21.0.9+10) (build 21.0.9+10-LTS)
# Java VM: OpenJDK 64-Bit Server VM Temurin-21.0.9+10 (21.0.9+10-LTS, mixed mode, sharing, tiered, compressed oops, compressed class ptrs, g1 gc, windows-amd64)
# No core dump will be written. Minidumps are not enabled by default on client versions of Windows
#

---------------  S U M M A R Y ------------

Command Line: -Dfile.encoding=UTF-8 -Dstdout.encoding=UTF-8 -Dstderr.encoding=UTF-8 -XX:+ShowCodeDetailsInExceptionMessages com.Rayan.TradingApplication

Host: 12th Gen Intel(R) Core(TM) i5-12450H, 12 cores, 15G,  Windows 11 , 64 bit Build 26100 (10.0.26100.7705)
Time: Sun Feb 22 19:41:50 2026 India Standard Time elapsed time: 1837.932978 seconds (0d 0h 30m 37s)

---------------  T H R E A D  ---------------

Current thread (0x000001dfc318a490):  JavaThread "C2 CompilerThread0" daemon [_thread_in_native, id=25312, stack(0x000000a831d00000,0x000000a831e00000) (1024K)]


Current CompileTask:
C2:1837933 14642   !   4       org.springframework.web.filter.OncePerRequestFilter::doFilter (178 bytes)

Stack: [0x000000a831d00000,0x000000a831e00000]
Native frames: (J=compiled Java code, j=interpreted, Vv=VM code, C=native code)
V  [jvm.dll+0x6d6e29]
V  [jvm.dll+0x8b4b76]
V  [jvm.dll+0x8b712e]
V  [jvm.dll+0x8b7813]
V  [jvm.dll+0x283d86]
V  [jvm.dll+0xc66ed]
V  [jvm.dll+0xc6c31]
V  [jvm.dll+0x3be53b]
V  [jvm.dll+0x38ab92]
V  [jvm.dll+0x389fda]
V  [jvm.dll+0x24bfa0]
V  [jvm.dll+0x24b580]
V  [jvm.dll+0x1cb13e]
V  [jvm.dll+0x25b29d]
V  [jvm.dll+0x25982a]
V  [jvm.dll+0x3f7ea6]
V  [jvm.dll+0x85e9ad]
V  [jvm.dll+0x6d565d]
C  [ucrtbase.dll+0x37b0]
C  [KERNEL32.DLL+0x2e8d7]
C  [ntdll.dll+0x8c40c]


---------------  P R O C E S S  ---------------

Threads class SMR info:
_java_thread_list=0x000001e00b8b97b0, length=31, elements={
0x000001dfc317edb0, 0x000001dfc317f900, 0x000001dfc3186f30, 0x000001dfc3189710,
0x000001dfc3193560, 0x000001dfc3195cc0, 0x000001dfc318a490, 0x000001dfc31d0090,
0x000001dfc3194fa0, 0x000001dfc3194280, 0x000001e00c717510, 0x000001dfc3d35990,
0x000001dfc3d39b30, 0x000001dfc3d394a0, 0x000001dfc3d38e10, 0x000001dfc3d366b0,
0x000001dfc3d3a850, 0x000001dfc3d3aee0, 0x000001dfc3d37a60, 0x000001dfc3d3b570,
0x000001dfc3d3bc00, 0x000001dfc3d3c290, 0x000001dfc3d3cfb0, 0x000001dfc3d3c920,
0x000001e00c714720, 0x000001e00c718230, 0x000001e00c714db0, 0x000001e00c7188c0,
0x000001e00c7167f0, 0x000001dfc38f4560, 0x000001e00d67fff0
}

Java Threads: ( => current thread )
  0x000001dfc317edb0 JavaThread "Reference Handler"          daemon [_thread_blocked, id=21748, stack(0x000000a831700000,0x000000a831800000) (1024K)]
  0x000001dfc317f900 JavaThread "Finalizer"                  daemon [_thread_blocked, id=3924, stack(0x000000a831800000,0x000000a831900000) (1024K)]
  0x000001dfc3186f30 JavaThread "Signal Dispatcher"          daemon [_thread_blocked, id=30576, stack(0x000000a831900000,0x000000a831a00000) (1024K)]
  0x000001dfc3189710 JavaThread "Attach Listener"            daemon [_thread_blocked, id=22304, stack(0x000000a831a00000,0x000000a831b00000) (1024K)]
  0x000001dfc3193560 JavaThread "Service Thread"             daemon [_thread_blocked, id=15452, stack(0x000000a831b00000,0x000000a831c00000) (1024K)]
  0x000001dfc3195cc0 JavaThread "Monitor Deflation Thread"   daemon [_thread_blocked, id=6800, stack(0x000000a831c00000,0x000000a831d00000) (1024K)]
=>0x000001dfc318a490 JavaThread "C2 CompilerThread0"         daemon [_thread_in_native, id=25312, stack(0x000000a831d00000,0x000000a831e00000) (1024K)]
  0x000001dfc31d0090 JavaThread "C1 CompilerThread0"         daemon [_thread_blocked, id=28492, stack(0x000000a831e00000,0x000000a831f00000) (1024K)]
  0x000001dfc3194fa0 JavaThread "Notification Thread"        daemon [_thread_blocked, id=19828, stack(0x000000a831f00000,0x000000a832000000) (1024K)]
  0x000001dfc3194280 JavaThread "Common-Cleaner"             daemon [_thread_blocked, id=31196, stack(0x000000a832000000,0x000000a832100000) (1024K)]
  0x000001e00c717510 JavaThread "mysql-cj-abandoned-connection-cleanup" daemon [_thread_blocked, id=9996, stack(0x000000a833300000,0x000000a833400000) (1024K)]
  0x000001dfc3d35990 JavaThread "DestroyJavaVM"                     [_thread_blocked, id=16540, stack(0x000000a830f00000,0x000000a831000000) (1024K)]
  0x000001dfc3d39b30 JavaThread "Catalina-utility-1"                [_thread_blocked, id=10788, stack(0x000000a832800000,0x000000a832900000) (1024K)]
  0x000001dfc3d394a0 JavaThread "Catalina-utility-2"                [_thread_blocked, id=11280, stack(0x000000a832f00000,0x000000a833000000) (1024K)]
  0x000001dfc3d38e10 JavaThread "container-0"                       [_thread_blocked, id=11296, stack(0x000000a833000000,0x000000a833100000) (1024K)]
  0x000001dfc3d366b0 JavaThread "HikariPool-2:housekeeper"   daemon [_thread_blocked, id=21212, stack(0x000000a833100000,0x000000a833200000) (1024K)]
  0x000001dfc3d3a850 JavaThread "File Watcher"               daemon [_thread_blocked, id=2380, stack(0x000000a833400000,0x000000a833500000) (1024K)]
  0x000001dfc3d3aee0 JavaThread "http-nio-8080-exec-1"       daemon [_thread_blocked, id=17836, stack(0x000000a833500000,0x000000a833600000) (1024K)]
  0x000001dfc3d37a60 JavaThread "http-nio-8080-exec-2"       daemon [_thread_blocked, id=9580, stack(0x000000a833600000,0x000000a833700000) (1024K)]
  0x000001dfc3d3b570 JavaThread "http-nio-8080-exec-3"       daemon [_thread_blocked, id=22708, stack(0x000000a833700000,0x000000a833800000) (1024K)]
  0x000001dfc3d3bc00 JavaThread "http-nio-8080-exec-4"       daemon [_thread_blocked, id=23300, stack(0x000000a833800000,0x000000a833900000) (1024K)]
  0x000001dfc3d3c290 JavaThread "http-nio-8080-exec-5"       daemon [_thread_blocked, id=24312, stack(0x000000a833900000,0x000000a833a00000) (1024K)]
  0x000001dfc3d3cfb0 JavaThread "http-nio-8080-exec-6"       daemon [_thread_blocked, id=13272, stack(0x000000a833a00000,0x000000a833b00000) (1024K)]
  0x000001dfc3d3c920 JavaThread "http-nio-8080-exec-7"       daemon [_thread_blocked, id=9556, stack(0x000000a833b00000,0x000000a833c00000) (1024K)]
  0x000001e00c714720 JavaThread "http-nio-8080-exec-8"       daemon [_thread_blocked, id=31048, stack(0x000000a833c00000,0x000000a833d00000) (1024K)]
  0x000001e00c718230 JavaThread "http-nio-8080-exec-9"       daemon [_thread_blocked, id=13988, stack(0x000000a833d00000,0x000000a833e00000) (1024K)]
  0x000001e00c714db0 JavaThread "http-nio-8080-exec-10"      daemon [_thread_blocked, id=27952, stack(0x000000a833e00000,0x000000a833f00000) (1024K)]
  0x000001e00c7188c0 JavaThread "http-nio-8080-Poller"       daemon [_thread_in_native, id=24344, stack(0x000000a833f00000,0x000000a834000000) (1024K)]
  0x000001e00c7167f0 JavaThread "http-nio-8080-Acceptor"     daemon [_thread_in_native, id=14632, stack(0x000000a834000000,0x000000a834100000) (1024K)]
  0x000001dfc38f4560 JavaThread "C2 CompilerThread1"         daemon [_thread_blocked, id=5444, stack(0x000000a830c00000,0x000000a830d00000) (1024K)]
  0x000001e00d67fff0 JavaThread "C2 CompilerThread2"         daemon [_thread_blocked, id=26372, stack(0x000000a830d00000,0x000000a830e00000) (1024K)]
Total: 31

Other Threads:
  0x000001dfc3163910 VMThread "VM Thread"                           [id=19996, stack(0x000000a831600000,0x000000a831700000) (1024K)]
  0x000001dfc314e4e0 WatcherThread "VM Periodic Task Thread"        [id=14252, stack(0x000000a831500000,0x000000a831600000) (1024K)]
  0x000001dfa87b2e20 WorkerThread "GC Thread#0"                     [id=14288, stack(0x000000a831000000,0x000000a831100000) (1024K)]
  0x000001dfc3c48800 WorkerThread "GC Thread#1"                     [id=17644, stack(0x000000a832100000,0x000000a832200000) (1024K)]
  0x000001dfc3a8ec00 WorkerThread "GC Thread#2"                     [id=31552, stack(0x000000a832200000,0x000000a832300000) (1024K)]
  0x000001dfc3a8efa0 WorkerThread "GC Thread#3"                     [id=5408, stack(0x000000a832300000,0x000000a832400000) (1024K)]
  0x000001dfc3a8f340 WorkerThread "GC Thread#4"                     [id=23464, stack(0x000000a832400000,0x000000a832500000) (1024K)]
  0x000001dfc3a8f6e0 WorkerThread "GC Thread#5"                     [id=27328, stack(0x000000a832500000,0x000000a832600000) (1024K)]
  0x000001e0092d5950 WorkerThread "GC Thread#6"                     [id=26124, stack(0x000000a832900000,0x000000a832a00000) (1024K)]
  0x000001e0094e79d0 WorkerThread "GC Thread#7"                     [id=31596, stack(0x000000a832a00000,0x000000a832b00000) (1024K)]
  0x000001e009494090 WorkerThread "GC Thread#8"                     [id=16916, stack(0x000000a832b00000,0x000000a832c00000) (1024K)]
  0x000001e00a416b20 WorkerThread "GC Thread#9"                     [id=23496, stack(0x000000a832c00000,0x000000a832d00000) (1024K)]
  0x000001dfa87c4fe0 ConcurrentGCThread "G1 Main Marker"            [id=3092, stack(0x000000a831100000,0x000000a831200000) (1024K)]
  0x000001dfa87c5ae0 WorkerThread "G1 Conc#0"                       [id=26780, stack(0x000000a831200000,0x000000a831300000) (1024K)]
  0x000001e00a416ec0 WorkerThread "G1 Conc#1"                       [id=5748, stack(0x000000a832d00000,0x000000a832e00000) (1024K)]
  0x000001e00a417600 WorkerThread "G1 Conc#2"                       [id=11760, stack(0x000000a832e00000,0x000000a832f00000) (1024K)]
  0x000001dfc301d510 ConcurrentGCThread "G1 Refine#0"               [id=20008, stack(0x000000a831300000,0x000000a831400000) (1024K)]
  0x000001dfc301dd30 ConcurrentGCThread "G1 Service"                [id=4932, stack(0x000000a831400000,0x000000a831500000) (1024K)]
Total: 18

Threads with active compile tasks:
C2 CompilerThread0  1837984 14642   !   4       org.springframework.web.filter.OncePerRequestFilter::doFilter (178 bytes)
Total: 1

VM state: not at safepoint (normal execution)

VM Mutex/Monitor currently owned by a thread: None

Heap address: 0x0000000704400000, size: 4028 MB, Compressed Oops mode: Zero based, Oop shift amount: 3

CDS archive(s) mapped at: [0x000001dfc4000000-0x000001dfc4c80000-0x000001dfc4c80000), size 13107200, SharedBaseAddress: 0x000001dfc4000000, ArchiveRelocationMode: 1.
Compressed class space mapped at: 0x000001dfc5000000-0x000001e005000000, reserved size: 1073741824
Narrow klass base: 0x000001dfc4000000, Narrow klass shift: 0, Narrow klass range: 0x100000000

GC Precious Log:
 CardTable entry size: 512
 Card Set container configuration: InlinePtr #cards 4 size 8 Array Of Cards #cards 16 size 48 Howl #buckets 8 coarsen threshold 3686 Howl Bitmap #cards 512 size 80 coarsen threshold 460 Card regions per heap region 1 cards per card region 4096
 CPUs: 12 total, 12 available
 Memory: 16109M
 Large Page Support: Disabled
 NUMA Support: Disabled
 Compressed Oops: Enabled (Zero based)
 Heap Region Size: 2M
 Heap Min Capacity: 8M
 Heap Initial Capacity: 252M
 Heap Max Capacity: 4028M
 Pre-touch: Disabled
 Parallel Workers: 10
 Concurrent Workers: 3
 Concurrent Refinement Workers: 10
 Periodic GC: Disabled

Heap:
 garbage-first heap   total 90112K, used 58863K [0x0000000704400000, 0x0000000800000000)
  region size 2048K, 12 young (24576K), 1 survivors (2048K)
 Metaspace       used 100227K, committed 101120K, reserved 1179648K
  class space    used 13263K, committed 13696K, reserved 1048576K

Heap Regions: E=young(eden), S=young(survivor), O=old, HS=humongous(starts), HC=humongous(continues), CS=collection set, F=free, TAMS=top-at-mark-start, PB=parsable bottom
|   0|0x0000000704400000, 0x0000000704600000, 0x0000000704600000|100%| O|  |TAMS 0x0000000704400000| PB 0x0000000704400000| Untracked 
|   1|0x0000000704600000, 0x00000007047e46f8, 0x0000000704800000| 94%| O|  |TAMS 0x0000000704600000| PB 0x0000000704600000| Untracked 
|   2|0x0000000704800000, 0x00000007049ffff0, 0x0000000704a00000| 99%| O|  |TAMS 0x0000000704800000| PB 0x0000000704800000| Untracked 
|   3|0x0000000704a00000, 0x0000000704bf9878, 0x0000000704c00000| 98%| O|  |TAMS 0x0000000704a00000| PB 0x0000000704a00000| Untracked 
|   4|0x0000000704c00000, 0x0000000704df4fc0, 0x0000000704e00000| 97%| O|  |TAMS 0x0000000704c00000| PB 0x0000000704c00000| Untracked 
|   5|0x0000000704e00000, 0x0000000705000000, 0x0000000705000000|100%| O|  |TAMS 0x0000000704e00000| PB 0x0000000704e00000| Untracked 
|   6|0x0000000705000000, 0x00000007051ffff0, 0x0000000705200000| 99%| O|  |TAMS 0x0000000705000000| PB 0x0000000705000000| Untracked 
|   7|0x0000000705200000, 0x00000007053ffff8, 0x0000000705400000| 99%| O|  |TAMS 0x0000000705200000| PB 0x0000000705200000| Untracked 
|   8|0x0000000705400000, 0x00000007055a06b8, 0x0000000705600000| 81%| O|  |TAMS 0x0000000705400000| PB 0x0000000705400000| Untracked 
|   9|0x0000000705600000, 0x0000000705800000, 0x0000000705800000|100%| O|  |TAMS 0x0000000705600000| PB 0x0000000705600000| Untracked 
|  10|0x0000000705800000, 0x00000007059fffb0, 0x0000000705a00000| 99%| O|  |TAMS 0x0000000705800000| PB 0x0000000705800000| Untracked 
|  11|0x0000000705a00000, 0x0000000705c00000, 0x0000000705c00000|100%| O|  |TAMS 0x0000000705a00000| PB 0x0000000705a00000| Untracked 
|  12|0x0000000705c00000, 0x0000000705e00000, 0x0000000705e00000|100%| O|  |TAMS 0x0000000705c00000| PB 0x0000000705c00000| Untracked 
|  13|0x0000000705e00000, 0x0000000705e00000, 0x0000000706000000|  0%| F|  |TAMS 0x0000000705e00000| PB 0x0000000705e00000| Untracked 
|  14|0x0000000706000000, 0x0000000706200000, 0x0000000706200000|100%| O|  |TAMS 0x0000000706000000| PB 0x0000000706000000| Untracked 
|  15|0x0000000706200000, 0x0000000706400000, 0x0000000706400000|100%| O|  |TAMS 0x0000000706200000| PB 0x0000000706200000| Untracked 
|  16|0x0000000706400000, 0x0000000706600000, 0x0000000706600000|100%| O|  |TAMS 0x0000000706400000| PB 0x0000000706400000| Untracked 
|  17|0x0000000706600000, 0x0000000706800000, 0x0000000706800000|100%| O|  |TAMS 0x0000000706600000| PB 0x0000000706600000| Untracked 
|  18|0x0000000706800000, 0x0000000706800000, 0x0000000706a00000|  0%| F|  |TAMS 0x0000000706800000| PB 0x0000000706800000| Untracked 
|  19|0x0000000706a00000, 0x0000000706a00000, 0x0000000706c00000|  0%| F|  |TAMS 0x0000000706a00000| PB 0x0000000706a00000| Untracked 
|  20|0x0000000706c00000, 0x0000000706e00000, 0x0000000706e00000|100%| O|  |TAMS 0x0000000706c00000| PB 0x0000000706c00000| Untracked 
|  21|0x0000000706e00000, 0x0000000706e08910, 0x0000000707000000|  1%| S|CS|TAMS 0x0000000706e00000| PB 0x0000000706e00000| Complete 
|  22|0x0000000707000000, 0x0000000707200000, 0x0000000707200000|100%| O|  |TAMS 0x0000000707000000| PB 0x0000000707000000| Untracked 
|  23|0x0000000707200000, 0x0000000707200000, 0x0000000707400000|  0%| F|  |TAMS 0x0000000707200000| PB 0x0000000707200000| Untracked 
|  24|0x0000000707400000, 0x0000000707400000, 0x0000000707600000|  0%| F|  |TAMS 0x0000000707400000| PB 0x0000000707400000| Untracked 
|  25|0x0000000707600000, 0x0000000707600000, 0x0000000707800000|  0%| F|  |TAMS 0x0000000707600000| PB 0x0000000707600000| Untracked 
|  26|0x0000000707800000, 0x0000000707800000, 0x0000000707a00000|  0%| F|  |TAMS 0x0000000707800000| PB 0x0000000707800000| Untracked 
|  27|0x0000000707a00000, 0x0000000707a00000, 0x0000000707c00000|  0%| F|  |TAMS 0x0000000707a00000| PB 0x0000000707a00000| Untracked 
|  28|0x0000000707c00000, 0x0000000707c00000, 0x0000000707e00000|  0%| F|  |TAMS 0x0000000707c00000| PB 0x0000000707c00000| Untracked 
|  29|0x0000000707e00000, 0x0000000707e00000, 0x0000000708000000|  0%| F|  |TAMS 0x0000000707e00000| PB 0x0000000707e00000| Untracked 
|  30|0x0000000708000000, 0x0000000708000000, 0x0000000708200000|  0%| F|  |TAMS 0x0000000708000000| PB 0x0000000708000000| Untracked 
|  31|0x0000000708200000, 0x0000000708200000, 0x0000000708400000|  0%| F|  |TAMS 0x0000000708200000| PB 0x0000000708200000| Untracked 
|  32|0x0000000708400000, 0x00000007085c89e0, 0x0000000708600000| 89%| E|  |TAMS 0x0000000708400000| PB 0x0000000708400000| Complete 
|  33|0x0000000708600000, 0x0000000708800000, 0x0000000708800000|100%| E|CS|TAMS 0x0000000708600000| PB 0x0000000708600000| Complete 
|  34|0x0000000708800000, 0x0000000708a00000, 0x0000000708a00000|100%| E|CS|TAMS 0x0000000708800000| PB 0x0000000708800000| Complete 
|  35|0x0000000708a00000, 0x0000000708c00000, 0x0000000708c00000|100%| E|CS|TAMS 0x0000000708a00000| PB 0x0000000708a00000| Complete 
|  36|0x0000000708c00000, 0x0000000708e00000, 0x0000000708e00000|100%| E|CS|TAMS 0x0000000708c00000| PB 0x0000000708c00000| Complete 
| 102|0x0000000711000000, 0x0000000711200000, 0x0000000711200000|100%| E|  |TAMS 0x0000000711000000| PB 0x0000000711000000| Complete 
| 103|0x0000000711200000, 0x0000000711400000, 0x0000000711400000|100%| E|CS|TAMS 0x0000000711200000| PB 0x0000000711200000| Complete 
| 104|0x0000000711400000, 0x0000000711600000, 0x0000000711600000|100%| E|CS|TAMS 0x0000000711400000| PB 0x0000000711400000| Complete 
| 125|0x0000000713e00000, 0x0000000714000000, 0x0000000714000000|100%| E|CS|TAMS 0x0000000713e00000| PB 0x0000000713e00000| Complete 
|2011|0x00000007ffa00000, 0x00000007ffc00000, 0x00000007ffc00000|100%| O|  |TAMS 0x00000007ffa00000| PB 0x00000007ffa00000| Untracked 
|2012|0x00000007ffc00000, 0x00000007ffe00000, 0x00000007ffe00000|100%| E|CS|TAMS 0x00000007ffc00000| PB 0x00000007ffc00000| Complete 
|2013|0x00000007ffe00000, 0x0000000800000000, 0x0000000800000000|100%| E|CS|TAMS 0x00000007ffe00000| PB 0x00000007ffe00000| Complete 

Card table byte_map: [0x000001dfbbe10000,0x000001dfbc5f0000] _byte_map_base: 0x000001dfb85ee000

Marking Bits: (CMBitMap*) 0x000001dfa87b3520
 Bits: [0x000001dfbc5f0000, 0x000001dfc04e0000)

Polling page: 0x000001dfa6540000

Metaspace:

Usage:
  Non-class:     84.93 MB used.
      Class:     12.95 MB used.
       Both:     97.88 MB used.

Virtual space:
  Non-class space:      128.00 MB reserved,      85.38 MB ( 67%) committed,  2 nodes.
      Class space:        1.00 GB reserved,      13.38 MB (  1%) committed,  1 nodes.
             Both:        1.12 GB reserved,      98.75 MB (  9%) committed. 

Chunk freelists:
   Non-Class:  10.50 MB
       Class:  2.62 MB
        Both:  13.12 MB

MaxMetaspaceSize: unlimited
CompressedClassSpaceSize: 1.00 GB
Initial GC threshold: 21.00 MB
Current GC threshold: 164.62 MB
CDS: on
 - commit_granule_bytes: 65536.
 - commit_granule_words: 8192.
 - virtual_space_node_default_size: 8388608.
 - enlarge_chunks_in_place: 1.
 - use_allocation_guard: 0.


Internal statistics:

num_allocs_failed_limit: 9.
num_arena_births: 1312.
num_arena_deaths: 6.
num_vsnodes_births: 3.
num_vsnodes_deaths: 0.
num_space_committed: 1580.
num_space_uncommitted: 0.
num_chunks_returned_to_freelist: 17.
num_chunks_taken_from_freelist: 5039.
num_chunk_merges: 6.
num_chunk_splits: 3585.
num_chunks_enlarged: 2789.
num_inconsistent_stats: 0.

CodeHeap 'non-profiled nmethods': size=120000Kb used=6722Kb max_used=6722Kb free=113277Kb
 bounds [0x000001dfb3bb0000, 0x000001dfb4280000, 0x000001dfbb0e0000]
CodeHeap 'profiled nmethods': size=120000Kb used=1855Kb max_used=20060Kb free=118145Kb
 bounds [0x000001dfac0e0000, 0x000001dfad4c0000, 0x000001dfb3610000]
CodeHeap 'non-nmethods': size=5760Kb used=1679Kb max_used=1736Kb free=4080Kb
 bounds [0x000001dfb3610000, 0x000001dfb3880000, 0x000001dfb3bb0000]
CodeCache: size=245760Kb, used=10256Kb, max_used=28518Kb, free=235502Kb
 total_blobs=3049, nmethods=2245, adapters=707, full_count=0
Compilation: enabled, stopped_count=0, restarted_count=0

Compilation events (20 events):
Event: 1835.517 Thread 0x000001dfc31d0090 nmethod 14640 0x000001dfac476590 code [0x000001dfac476880, 0x000001dfac477898]
Event: 1835.517 Thread 0x000001dfc31d0090 14635       3       sun.security.ssl.SSLSocketInputRecord::read (92 bytes)
Event: 1835.518 Thread 0x000001dfc31d0090 nmethod 14635 0x000001dfac1d5510 code [0x000001dfac1d56e0, 0x000001dfac1d59d8]
Event: 1835.518 Thread 0x000001dfc31d0090 14630   !   3       sun.security.ssl.SSLSocketImpl::decode (94 bytes)
Event: 1835.519 Thread 0x000001dfc31d0090 nmethod 14630 0x000001dfac65ce90 code [0x000001dfac65d0c0, 0x000001dfac65da20]
Event: 1835.519 Thread 0x000001dfc31d0090 14632   !   3       sun.security.ssl.SSLSocketInputRecord::decode (134 bytes)
Event: 1835.520 Thread 0x000001dfc31d0090 nmethod 14632 0x000001dfac36ed90 code [0x000001dfac36efc0, 0x000001dfac36f5e0]
Event: 1835.520 Thread 0x000001dfc31d0090 14633   !   3       sun.security.ssl.SSLSocketInputRecord::decodeInputRecord (949 bytes)
Event: 1835.527 Thread 0x000001dfc31d0090 nmethod 14633 0x000001dfac2c6390 code [0x000001dfac2c6ce0, 0x000001dfac2cc2c8]
Event: 1835.528 Thread 0x000001dfc31d0090 14637       3       sun.security.ssl.InputRecord::seqNumIsHuge (29 bytes)
Event: 1835.528 Thread 0x000001dfc31d0090 nmethod 14637 0x000001dfac1d5010 code [0x000001dfac1d51c0, 0x000001dfac1d5420]
Event: 1835.528 Thread 0x000001dfc31d0090 14638       3       sun.security.ssl.SSLCipher$SSLReadCipher::atKeyLimit (18 bytes)
Event: 1835.528 Thread 0x000001dfc31d0090 nmethod 14638 0x000001dfac84c990 code [0x000001dfac84cb40, 0x000001dfac84ccc0]
Event: 1835.859 Thread 0x000001dfc318a490 14641       4       java.time.Instant::now (4 bytes)
Event: 1835.863 Thread 0x000001dfc318a490 nmethod 14641 0x000001dfb413ce10 code [0x000001dfb413cfc0, 0x000001dfb413d258]
Event: 1835.865 Thread 0x000001dfc318a490 14642   !   4       org.springframework.web.filter.OncePerRequestFilter::doFilter (178 bytes)
Event: 1835.883 Thread 0x000001dfc31d0090 14646   !   2       org.apache.coyote.Response::recycle (138 bytes)
Event: 1835.885 Thread 0x000001dfc31d0090 nmethod 14646 0x000001dfac5d2710 code [0x000001dfac5d2900, 0x000001dfac5d3000]
Event: 1836.216 Thread 0x000001dfc31d0090 14648       1       java.lang.Integer::intValue (5 bytes)
Event: 1836.217 Thread 0x000001dfc31d0090 nmethod 14648 0x000001dfb3f84710 code [0x000001dfb3f848a0, 0x000001dfb3f84968]

GC Heap History (20 events):
Event: 1791.501 GC heap before
{Heap before GC invocations=163 (full 1):
 garbage-first heap   total 90112K, used 79339K [0x0000000704400000, 0x0000000800000000)
  region size 2048K, 21 young (43008K), 1 survivors (2048K)
 Metaspace       used 100226K, committed 101120K, reserved 1179648K
  class space    used 13263K, committed 13696K, reserved 1048576K
}
Event: 1791.504 GC heap after
{Heap after GC invocations=164 (full 1):
 garbage-first heap   total 90112K, used 40418K [0x0000000704400000, 0x0000000800000000)
  region size 2048K, 1 young (2048K), 1 survivors (2048K)
 Metaspace       used 100226K, committed 101120K, reserved 1179648K
  class space    used 13263K, committed 13696K, reserved 1048576K
}
Event: 1792.011 GC heap before
{Heap before GC invocations=165 (full 1):
 garbage-first heap   total 90112K, used 79330K [0x0000000704400000, 0x0000000800000000)
  region size 2048K, 21 young (43008K), 1 survivors (2048K)
 Metaspace       used 100226K, committed 101120K, reserved 1179648K
  class space    used 13263K, committed 13696K, reserved 1048576K
}
Event: 1792.012 GC heap after
{Heap after GC invocations=166 (full 1):
 garbage-first heap   total 90112K, used 40429K [0x0000000704400000, 0x0000000800000000)
  region size 2048K, 1 young (2048K), 1 survivors (2048K)
 Metaspace       used 100226K, committed 101120K, reserved 1179648K
  class space    used 13263K, committed 13696K, reserved 1048576K
}
Event: 1793.050 GC heap before
{Heap before GC invocations=166 (full 1):
 garbage-first heap   total 90112K, used 79341K [0x0000000704400000, 0x0000000800000000)
  region size 2048K, 21 young (43008K), 1 survivors (2048K)
 Metaspace       used 100226K, committed 101120K, reserved 1179648K
  class space    used 13263K, committed 13696K, reserved 1048576K
}
Event: 1793.053 GC heap after
{Heap after GC invocations=167 (full 1):
 garbage-first heap   total 90112K, used 40411K [0x0000000704400000, 0x0000000800000000)
  region size 2048K, 1 young (2048K), 1 survivors (2048K)
 Metaspace       used 100226K, committed 101120K, reserved 1179648K
  class space    used 13263K, committed 13696K, reserved 1048576K
}
Event: 1801.240 GC heap before
{Heap before GC invocations=168 (full 1):
 garbage-first heap   total 90112K, used 81371K [0x0000000704400000, 0x0000000800000000)
  region size 2048K, 21 young (43008K), 1 survivors (2048K)
 Metaspace       used 100226K, committed 101120K, reserved 1179648K
  class space    used 13263K, committed 13696K, reserved 1048576K
}
Event: 1801.241 GC heap after
{Heap after GC invocations=169 (full 1):
 garbage-first heap   total 90112K, used 40411K [0x0000000704400000, 0x0000000800000000)
  region size 2048K, 1 young (2048K), 1 survivors (2048K)
 Metaspace       used 100226K, committed 101120K, reserved 1179648K
  class space    used 13263K, committed 13696K, reserved 1048576K
}
Event: 1803.278 GC heap before
{Heap before GC invocations=169 (full 1):
 garbage-first heap   total 90112K, used 79323K [0x0000000704400000, 0x0000000800000000)
  region size 2048K, 21 young (43008K), 1 survivors (2048K)
 Metaspace       used 100226K, committed 101120K, reserved 1179648K
  class space    used 13263K, committed 13696K, reserved 1048576K
}
Event: 1803.280 GC heap after
{Heap after GC invocations=170 (full 1):
 garbage-first heap   total 90112K, used 40409K [0x0000000704400000, 0x0000000800000000)
  region size 2048K, 1 young (2048K), 1 survivors (2048K)
 Metaspace       used 100226K, committed 101120K, reserved 1179648K
  class space    used 13263K, committed 13696K, reserved 1048576K
}
Event: 1805.670 GC heap before
{Heap before GC invocations=171 (full 1):
 garbage-first heap   total 90112K, used 79321K [0x0000000704400000, 0x0000000800000000)
  region size 2048K, 21 young (43008K), 1 survivors (2048K)
 Metaspace       used 100226K, committed 101120K, reserved 1179648K
  class space    used 13263K, committed 13696K, reserved 1048576K
}
Event: 1805.671 GC heap after
{Heap after GC invocations=172 (full 1):
 garbage-first heap   total 90112K, used 40422K [0x0000000704400000, 0x0000000800000000)
  region size 2048K, 1 young (2048K), 1 survivors (2048K)
 Metaspace       used 100226K, committed 101120K, reserved 1179648K
  class space    used 13263K, committed 13696K, reserved 1048576K
}
Event: 1814.690 GC heap before
{Heap before GC invocations=172 (full 1):
 garbage-first heap   total 90112K, used 79334K [0x0000000704400000, 0x0000000800000000)
  region size 2048K, 21 young (43008K), 1 survivors (2048K)
 Metaspace       used 100226K, committed 101120K, reserved 1179648K
  class space    used 13263K, committed 13696K, reserved 1048576K
}
Event: 1814.692 GC heap after
{Heap after GC invocations=173 (full 1):
 garbage-first heap   total 90112K, used 40421K [0x0000000704400000, 0x0000000800000000)
  region size 2048K, 1 young (2048K), 1 survivors (2048K)
 Metaspace       used 100226K, committed 101120K, reserved 1179648K
  class space    used 13263K, committed 13696K, reserved 1048576K
}
Event: 1817.678 GC heap before
{Heap before GC invocations=174 (full 1):
 garbage-first heap   total 90112K, used 79333K [0x0000000704400000, 0x0000000800000000)
  region size 2048K, 21 young (43008K), 1 survivors (2048K)
 Metaspace       used 100226K, committed 101120K, reserved 1179648K
  class space    used 13263K, committed 13696K, reserved 1048576K
}
Event: 1817.680 GC heap after
{Heap after GC invocations=175 (full 1):
 garbage-first heap   total 90112K, used 40427K [0x0000000704400000, 0x0000000800000000)
  region size 2048K, 1 young (2048K), 1 survivors (2048K)
 Metaspace       used 100226K, committed 101120K, reserved 1179648K
  class space    used 13263K, committed 13696K, reserved 1048576K
}
Event: 1820.458 GC heap before
{Heap before GC invocations=175 (full 1):
 garbage-first heap   total 90112K, used 79339K [0x0000000704400000, 0x0000000800000000)
  region size 2048K, 21 young (43008K), 1 survivors (2048K)
 Metaspace       used 100226K, committed 101120K, reserved 1179648K
  class space    used 13263K, committed 13696K, reserved 1048576K
}
Event: 1820.460 GC heap after
{Heap after GC invocations=176 (full 1):
 garbage-first heap   total 90112K, used 40421K [0x0000000704400000, 0x0000000800000000)
  region size 2048K, 1 young (2048K), 1 survivors (2048K)
 Metaspace       used 100226K, committed 101120K, reserved 1179648K
  class space    used 13263K, committed 13696K, reserved 1048576K
}
Event: 1827.294 GC heap before
{Heap before GC invocations=177 (full 1):
 garbage-first heap   total 90112K, used 79333K [0x0000000704400000, 0x0000000800000000)
  region size 2048K, 21 young (43008K), 1 survivors (2048K)
 Metaspace       used 100226K, committed 101120K, reserved 1179648K
  class space    used 13263K, committed 13696K, reserved 1048576K
}
Event: 1827.296 GC heap after
{Heap after GC invocations=178 (full 1):
 garbage-first heap   total 90112K, used 40431K [0x0000000704400000, 0x0000000800000000)
  region size 2048K, 1 young (2048K), 1 survivors (2048K)
 Metaspace       used 100226K, committed 101120K, reserved 1179648K
  class space    used 13263K, committed 13696K, reserved 1048576K
}

Dll operation events (10 events):
Event: 0.029 Loaded shared library C:\Users\rayya\.p2\pool\plugins\org.eclipse.justj.openjdk.hotspot.jre.full.win32.x86_64_21.0.9.v20251105-0741\jre\bin\java.dll
Event: 0.069 Loaded shared library C:\Users\rayya\.p2\pool\plugins\org.eclipse.justj.openjdk.hotspot.jre.full.win32.x86_64_21.0.9.v20251105-0741\jre\bin\zip.dll
Event: 0.163 Loaded shared library C:\Users\rayya\.p2\pool\plugins\org.eclipse.justj.openjdk.hotspot.jre.full.win32.x86_64_21.0.9.v20251105-0741\jre\bin\net.dll
Event: 0.167 Loaded shared library C:\Users\rayya\.p2\pool\plugins\org.eclipse.justj.openjdk.hotspot.jre.full.win32.x86_64_21.0.9.v20251105-0741\jre\bin\nio.dll
Event: 0.259 Loaded shared library C:\Users\rayya\.p2\pool\plugins\org.eclipse.justj.openjdk.hotspot.jre.full.win32.x86_64_21.0.9.v20251105-0741\jre\bin\zip.dll
Event: 29.557 Loaded shared library C:\Users\rayya\.p2\pool\plugins\org.eclipse.justj.openjdk.hotspot.jre.full.win32.x86_64_21.0.9.v20251105-0741\jre\bin\jimage.dll
Event: 31.947 Loaded shared library C:\Users\rayya\.p2\pool\plugins\org.eclipse.justj.openjdk.hotspot.jre.full.win32.x86_64_21.0.9.v20251105-0741\jre\bin\management.dll
Event: 32.296 Loaded shared library C:\Users\rayya\.p2\pool\plugins\org.eclipse.justj.openjdk.hotspot.jre.full.win32.x86_64_21.0.9.v20251105-0741\jre\bin\management_ext.dll
Event: 37.056 Loaded shared library C:\Users\rayya\.p2\pool\plugins\org.eclipse.justj.openjdk.hotspot.jre.full.win32.x86_64_21.0.9.v20251105-0741\jre\bin\sunmscapi.dll
Event: 44.393 Loaded shared library C:\Users\rayya\.p2\pool\plugins\org.eclipse.justj.openjdk.hotspot.jre.full.win32.x86_64_21.0.9.v20251105-0741\jre\bin\extnet.dll

Deoptimization events (20 events):
Event: 1835.188 Thread 0x000001dfc3d3b570 Uncommon trap: trap_request=0xffffffde fr.pc=0x000001dfb411a4f0 relative=0x0000000000000bb0
Event: 1835.188 Thread 0x000001dfc3d3b570 Uncommon trap: reason=class_check action=maybe_recompile pc=0x000001dfb411a4f0 method=org.apache.coyote.http11.Http11OutputBuffer.nextRequest()V @ 16 c2
Event: 1835.188 Thread 0x000001dfc3d3b570 DEOPT PACKING pc=0x000001dfb411a4f0 sp=0x000000a8337fed60
Event: 1835.188 Thread 0x000001dfc3d3b570 DEOPT UNPACKING pc=0x000001dfb3664422 sp=0x000000a8337fed38 mode 2
Event: 1835.189 Thread 0x000001dfc3d3cfb0 Uncommon trap: trap_request=0xffffffde fr.pc=0x000001dfb3c99108 relative=0x00000000000043e8
Event: 1835.189 Thread 0x000001dfc3d3cfb0 Uncommon trap: reason=class_check action=maybe_recompile pc=0x000001dfb3c99108 method=org.springframework.security.web.FilterChainProxy.doFilter(Ljakarta/servlet/ServletRequest;Ljakarta/servlet/ServletResponse;Ljakarta/servlet/FilterChain;)V @ 64 c2
Event: 1835.189 Thread 0x000001dfc3d3cfb0 DEOPT PACKING pc=0x000001dfb3c99108 sp=0x000000a833afe3b0
Event: 1835.189 Thread 0x000001dfc3d3cfb0 DEOPT UNPACKING pc=0x000001dfb3664422 sp=0x000000a833afe338 mode 2
Event: 1835.189 Thread 0x000001dfc3d3cfb0 Uncommon trap: trap_request=0xffffffde fr.pc=0x000001dfb3d2cd0c relative=0x00000000000000cc
Event: 1835.189 Thread 0x000001dfc3d3cfb0 Uncommon trap: reason=class_check action=maybe_recompile pc=0x000001dfb3d2cd0c method=org.apache.coyote.http11.Http11OutputBuffer.end()V @ 37 c2
Event: 1835.189 Thread 0x000001dfc3d3cfb0 DEOPT PACKING pc=0x000001dfb3d2cd0c sp=0x000000a833afef30
Event: 1835.189 Thread 0x000001dfc3d3cfb0 DEOPT UNPACKING pc=0x000001dfb3664422 sp=0x000000a833afeec8 mode 2
Event: 1835.189 Thread 0x000001dfc3d3cfb0 Uncommon trap: trap_request=0xffffffde fr.pc=0x000001dfb411a4f0 relative=0x0000000000000bb0
Event: 1835.189 Thread 0x000001dfc3d3cfb0 Uncommon trap: reason=class_check action=maybe_recompile pc=0x000001dfb411a4f0 method=org.apache.coyote.http11.Http11OutputBuffer.nextRequest()V @ 16 c2
Event: 1835.189 Thread 0x000001dfc3d3cfb0 DEOPT PACKING pc=0x000001dfb411a4f0 sp=0x000000a833aff1d0
Event: 1835.189 Thread 0x000001dfc3d3cfb0 DEOPT UNPACKING pc=0x000001dfb3664422 sp=0x000000a833aff1a8 mode 2
Event: 1835.191 Thread 0x000001e00c7188c0 Uncommon trap: trap_request=0xffffff45 fr.pc=0x000001dfb3cef9c8 relative=0x0000000000000b28
Event: 1835.191 Thread 0x000001e00c7188c0 Uncommon trap: reason=unstable_if action=reinterpret pc=0x000001dfb3cef9c8 method=sun.nio.ch.SocketChannelImpl.translateReadyOps(IILsun/nio/ch/SelectionKeyImpl;)Z @ 164 c2
Event: 1835.193 Thread 0x000001e00c7188c0 DEOPT PACKING pc=0x000001dfb3cef9c8 sp=0x000000a833fff350
Event: 1835.193 Thread 0x000001e00c7188c0 DEOPT UNPACKING pc=0x000001dfb3664422 sp=0x000000a833fff100 mode 2

Classes loaded (20 events):
Event: 1063.210 Loading class java/io/PrintWriter$1
Event: 1063.210 Loading class jdk/internal/access/JavaIOPrintWriterAccess
Event: 1063.210 Loading class jdk/internal/access/JavaIOPrintWriterAccess done
Event: 1063.210 Loading class java/io/PrintWriter$1 done
Event: 1063.211 Loading class java/lang/Throwable$WrappedPrintWriter
Event: 1063.211 Loading class java/lang/Throwable$PrintStreamOrWriter
Event: 1063.211 Loading class java/lang/Throwable$PrintStreamOrWriter done
Event: 1063.211 Loading class java/lang/Throwable$WrappedPrintWriter done
Event: 1663.952 Loading class java/util/zip/DeflaterOutputStream
Event: 1663.953 Loading class java/util/zip/DeflaterOutputStream done
Event: 1663.954 Loading class java/util/zip/GZIPInputStream
Event: 1663.954 Loading class java/util/zip/GZIPInputStream done
Event: 1663.954 Loading class java/util/zip/GZIPOutputStream
Event: 1663.955 Loading class java/util/zip/GZIPOutputStream done
Event: 1663.978 Loading class jdk/internal/loader/BootLoader$PackageHelper
Event: 1663.978 Loading class jdk/internal/loader/BootLoader$PackageHelper done
Event: 1666.849 Loading class java/util/concurrent/locks/ReentrantReadWriteLock$Sync$HoldCounter
Event: 1666.849 Loading class java/util/concurrent/locks/ReentrantReadWriteLock$Sync$HoldCounter done
Event: 1698.604 Loading class sun/util/locale/LocaleExtensions
Event: 1698.604 Loading class sun/util/locale/LocaleExtensions done

Classes unloaded (3 events):
Event: 52.051 Thread 0x000001dfc3163910 Unloading class 0x000001dfc5a8c000 'jdk/internal/reflect/GeneratedSerializationConstructorAccessor1'
Event: 1235.466 Thread 0x000001dfc3163910 Unloading class 0x000001dfc5bb0400 'jdk/internal/reflect/GeneratedSerializationConstructorAccessor2'
Event: 1235.466 Thread 0x000001dfc3163910 Unloading class 0x000001dfc5b95000 'org/apache/catalina/loader/JdbcLeakPrevention'

Classes redefined (0 events):
No events

Internal exceptions (20 events):
Event: 757.103 Thread 0x000001dfc3d38780 Exception <a 'java/lang/NoClassDefFoundError'{0x0000000708997de0}: org/springframework/data/util/TypeInformation> (0x0000000708997de0) 
thrown [s\src\hotspot\share\classfile\systemDictionary.cpp, line 301]
Event: 829.659 Thread 0x000001dfc3d37a60 Exception <a 'java/lang/NoSuchMethodError'{0x00000007078e3648}: 'double java.lang.invoke.DirectMethodHandle$Holder.invokeStatic(java.lang.Object, double)'> (0x00000007078e3648) 
thrown [s\src\hotspot\share\interpreter\linkResolver.cpp, line 773]
Event: 829.661 Thread 0x000001dfc3d37a60 Exception <a 'java/lang/NoSuchMethodError'{0x00000007078e8ec0}: 'double java.lang.invoke.DirectMethodHandle$Holder.invokeStaticInit(java.lang.Object, double)'> (0x00000007078e8ec0) 
thrown [s\src\hotspot\share\interpreter\linkResolver.cpp, line 773]
Event: 830.814 Thread 0x000001dfc3d37a60 Exception <a 'java/lang/NoSuchMethodError'{0x0000000708201650}: 'java.lang.Object java.lang.invoke.DirectMethodHandle$Holder.invokeStatic(java.lang.Object, java.lang.Object, java.lang.Object, java.lang.Object, java.lang.Object, java.lang.Object, java.lang.Object, java.lang.Object, java.lang.Object, java.lang.Object, int)'> (0x0000000708201650) 
thrown [s\src\hotspot\share\interpreter\linkResolver.cpp, line 773]
Event: 830.815 Thread 0x000001dfc3d37a60 Exception <a 'java/lang/NoSuchMethodError'{0x000000070820c368}: 'java.lang.Object java.lang.invoke.DirectMethodHandle$Holder.invokeStatic(java.lang.Object, java.lang.Object, java.lang.Object, java.lang.Object, java.lang.Object, java.lang.Object, java.lang.Object, java.lang.Object, java.lang.Object, java.lang.Object, java.lang.Object, int)'> (0x000000070820c368) 
thrown [s\src\hotspot\share\interpreter\linkResolver.cpp, line 773]
Event: 830.816 Thread 0x000001dfc3d37a60 Exception <a 'java/lang/NoSuchMethodError'{0x0000000708219060}: 'java.lang.Object java.lang.invoke.DirectMethodHandle$Holder.invokeStatic(java.lang.Object, java.lang.Object, java.lang.Object, java.lang.Object, java.lang.Object, java.lang.Object, java.lang.Object, java.lang.Object, java.lang.Object, int)'> (0x0000000708219060) 
thrown [s\src\hotspot\share\interpreter\linkResolver.cpp, line 773]
Event: 830.867 Thread 0x000001dfc3d37a60 Exception <a 'java/lang/NoSuchMethodError'{0x00000007083aa940}: 'void java.lang.invoke.DirectMethodHandle$Holder.invokeSpecial(java.lang.Object, java.lang.Object, int, int, java.lang.Object)'> (0x00000007083aa940) 
thrown [s\src\hotspot\share\interpreter\linkResolver.cpp, line 773]
Event: 830.885 Thread 0x000001dfc3d37a60 Exception <a 'java/lang/NoSuchMethodError'{0x0000000708025388}: 'void java.lang.invoke.DirectMethodHandle$Holder.invokeSpecialIFC(java.lang.Object, java.lang.Object, int, java.lang.Object, java.lang.Object, java.lang.Object, java.lang.Object)'> (0x0000000708025388) 
thrown [s\src\hotspot\share\interpreter\linkResolver.cpp, line 773]
Event: 831.137 Thread 0x000001dfc3d37a60 Exception <a 'java/lang/IncompatibleClassChangeError'{0x0000000707e2dab0}: Found class java.lang.Object, but interface was expected> (0x0000000707e2dab0) 
thrown [s\src\hotspot\share\interpreter\linkResolver.cpp, line 840]
Event: 831.249 Thread 0x000001dfc3d37a60 Exception <a 'java/lang/NoSuchMethodError'{0x0000000707f16108}: 'int java.lang.invoke.Invokers$Holder.invokeExact_MT(java.lang.Object, java.lang.Object, java.lang.Object)'> (0x0000000707f16108) 
thrown [s\src\hotspot\share\interpreter\linkResolver.cpp, line 773]
Event: 831.250 Thread 0x000001dfc3d37a60 Exception <a 'java/lang/NoSuchMethodError'{0x0000000707f1cfb8}: 'void java.lang.invoke.Invokers$Holder.invokeExact_MT(java.lang.Object, java.lang.Object, int, java.lang.Object)'> (0x0000000707f1cfb8) 
thrown [s\src\hotspot\share\interpreter\linkResolver.cpp, line 773]
Event: 831.294 Thread 0x000001dfc3d37a60 Exception <a 'java/lang/NoSuchMethodError'{0x0000000707ff0fc8}: 'int java.lang.invoke.DirectMethodHandle$Holder.invokeStatic(java.lang.Object, java.lang.Object, int, int)'> (0x0000000707ff0fc8) 
thrown [s\src\hotspot\share\interpreter\linkResolver.cpp, line 773]
Event: 831.407 Thread 0x000001dfc3d37a60 Exception <a 'java/lang/IncompatibleClassChangeError'{0x0000000707ccffb0}: Found class java.lang.Object, but interface was expected> (0x0000000707ccffb0) 
thrown [s\src\hotspot\share\interpreter\linkResolver.cpp, line 840]
Event: 831.481 Thread 0x000001dfc3d37a60 Implicit null exception at 0x000001dfb3eda201 to 0x000001dfb3eda728
Event: 1361.607 Thread 0x000001e00c714720 Exception <a 'java/lang/IncompatibleClassChangeError'{0x0000000708a03ca0}: Found class java.lang.Object, but interface was expected> (0x0000000708a03ca0) 
thrown [s\src\hotspot\share\interpreter\linkResolver.cpp, line 840]
Event: 1770.276 Thread 0x000001dfc3d3aee0 Implicit null exception at 0x000001dfb4166755 to 0x000001dfb4169ec4
Event: 1770.283 Thread 0x000001dfc3d3bc00 Implicit null exception at 0x000001dfb4166755 to 0x000001dfb4169ec4
Event: 1770.290 Thread 0x000001e00c718230 Implicit null exception at 0x000001dfb4166755 to 0x000001dfb4169ec4
Event: 1770.299 Thread 0x000001e00c714db0 Implicit null exception at 0x000001dfb4166755 to 0x000001dfb4169ec4
Event: 1835.168 Thread 0x000001e00c714720 Implicit null exception at 0x000001dfb3cd3b18 to 0x000001dfb3cd48a4

ZGC Phase Switch (0 events):
No events

VM Operations (20 events):
Event: 1805.671 Executing VM operation: G1CollectForAllocation (G1 Evacuation Pause) done
Event: 1814.690 Executing VM operation: G1CollectForAllocation (G1 Evacuation Pause)
Event: 1814.692 Executing VM operation: G1CollectForAllocation (G1 Evacuation Pause) done
Event: 1814.722 Executing VM operation: G1PauseRemark
Event: 1814.727 Executing VM operation: G1PauseRemark done
Event: 1814.739 Executing VM operation: G1PauseCleanup
Event: 1814.739 Executing VM operation: G1PauseCleanup done
Event: 1817.678 Executing VM operation: G1CollectForAllocation (G1 Evacuation Pause)
Event: 1817.680 Executing VM operation: G1CollectForAllocation (G1 Evacuation Pause) done
Event: 1820.458 Executing VM operation: G1CollectForAllocation (G1 Evacuation Pause)
Event: 1820.460 Executing VM operation: G1CollectForAllocation (G1 Evacuation Pause) done
Event: 1820.493 Executing VM operation: G1PauseRemark
Event: 1820.497 Executing VM operation: G1PauseRemark done
Event: 1820.510 Executing VM operation: G1PauseCleanup
Event: 1820.510 Executing VM operation: G1PauseCleanup done
Event: 1827.294 Executing VM operation: G1CollectForAllocation (G1 Evacuation Pause)
Event: 1827.296 Executing VM operation: G1CollectForAllocation (G1 Evacuation Pause) done
Event: 1835.366 Executing VM operation: Cleanup
Event: 1835.366 Executing VM operation: Cleanup done
Event: 1836.368 Executing VM operation: Cleanup

Memory protections (0 events):
No events

Nmethod flushes (20 events):
Event: 1788.085 Thread 0x000001dfc3163910 flushing  nmethod 0x000001dfac17b710
Event: 1788.085 Thread 0x000001dfc3163910 flushing  nmethod 0x000001dfacd44b90
Event: 1788.085 Thread 0x000001dfc3163910 flushing  nmethod 0x000001dfac1b4890
Event: 1788.085 Thread 0x000001dfc3163910 flushing  nmethod 0x000001dfac600e10
Event: 1788.085 Thread 0x000001dfc3163910 flushing  nmethod 0x000001dfac22a110
Event: 1789.225 Thread 0x000001dfc3163910 flushing  nmethod 0x000001dfac206e90
Event: 1789.225 Thread 0x000001dfc3163910 flushing  nmethod 0x000001dfac402d10
Event: 1789.225 Thread 0x000001dfc3163910 flushing  nmethod 0x000001dfad48f410
Event: 1789.225 Thread 0x000001dfc3163910 flushing  nmethod 0x000001dfacedb690
Event: 1789.225 Thread 0x000001dfc3163910 flushing  nmethod 0x000001dfac0e8290
Event: 1789.225 Thread 0x000001dfc3163910 flushing  nmethod 0x000001dfac406b90
Event: 1789.225 Thread 0x000001dfc3163910 flushing  nmethod 0x000001dfac7d7b90
Event: 1789.225 Thread 0x000001dfc3163910 flushing  nmethod 0x000001dfac9fcc10
Event: 1789.225 Thread 0x000001dfc3163910 flushing  nmethod 0x000001dfac9d5a10
Event: 1789.225 Thread 0x000001dfc3163910 flushing  nmethod 0x000001dfac191890
Event: 1789.225 Thread 0x000001dfc3163910 flushing  nmethod 0x000001dfac1b2890
Event: 1789.225 Thread 0x000001dfc3163910 flushing  nmethod 0x000001dfacc05c90
Event: 1789.225 Thread 0x000001dfc3163910 flushing  nmethod 0x000001dfacc8e690
Event: 1791.538 Thread 0x000001dfc3163910 flushing  nmethod 0x000001dfb3f5fe90
Event: 1820.497 Thread 0x000001dfc3163910 flushing  nmethod 0x000001dfb4262b90

Events (20 events):
Event: 1697.434 Thread 0x000001e0090c1020 Thread exited: 0x000001e0090c1020
Event: 1697.434 Thread 0x000001e00ce72010 Thread exited: 0x000001e00ce72010
Event: 1700.765 Thread 0x000001dfc31d0090 Thread added: 0x000001e00ce72010
Event: 1701.458 Thread 0x000001e00ce72010 Thread exited: 0x000001e00ce72010
Event: 1752.689 Thread 0x000001dfc318a490 Thread added: 0x000001e00ce72010
Event: 1753.690 Thread 0x000001e00ce72010 Thread exited: 0x000001e00ce72010
Event: 1759.735 Thread 0x000001dfc318a490 Thread added: 0x000001e00ce72010
Event: 1760.032 Thread 0x000001e00ce72010 Thread exited: 0x000001e00ce72010
Event: 1778.756 Thread 0x000001dfc318a490 Thread added: 0x000001dfc38f4560
Event: 1784.234 Thread 0x000001dfc38f4560 Thread exited: 0x000001dfc38f4560
Event: 1785.837 Thread 0x000001dfc318a490 Thread added: 0x000001dfc38f4560
Event: 1786.381 Thread 0x000001dfc38f4560 Thread exited: 0x000001dfc38f4560
Event: 1786.898 Thread 0x000001dfc318a490 Thread added: 0x000001dfc38f4560
Event: 1786.898 Thread 0x000001dfc318a490 Thread added: 0x000001e0090c1020
Event: 1787.069 Thread 0x000001e0090c1020 Thread exited: 0x000001e0090c1020
Event: 1787.069 Thread 0x000001dfc38f4560 Thread exited: 0x000001dfc38f4560
Event: 1828.812 Thread 0x000001dfc318a490 Thread added: 0x000001dfc38f4560
Event: 1830.804 Thread 0x000001dfc38f4560 Thread exited: 0x000001dfc38f4560
Event: 1835.189 Thread 0x000001dfc318a490 Thread added: 0x000001dfc38f4560
Event: 1835.859 Thread 0x000001dfc38f4560 Thread exited: 0x000001dfc38f4560


Dynamic libraries:
0x00007ff6ce520000 - 0x00007ff6ce52e000 	C:\Users\rayya\.p2\pool\plugins\org.eclipse.justj.openjdk.hotspot.jre.full.win32.x86_64_21.0.9.v20251105-0741\jre\bin\javaw.exe
0x00007ff98f180000 - 0x00007ff98f3e8000 	C:\WINDOWS\SYSTEM32\ntdll.dll
0x00007ff98ef70000 - 0x00007ff98f039000 	C:\WINDOWS\System32\KERNEL32.DLL
0x00007ff98ba60000 - 0x00007ff98be51000 	C:\WINDOWS\System32\KERNELBASE.dll
0x00007ff98cb60000 - 0x00007ff98ccab000 	C:\WINDOWS\System32\ucrtbase.dll
0x00007ff970e00000 - 0x00007ff970e1e000 	C:\Users\rayya\.p2\pool\plugins\org.eclipse.justj.openjdk.hotspot.jre.full.win32.x86_64_21.0.9.v20251105-0741\jre\bin\VCRUNTIME140.dll
0x00007ff970de0000 - 0x00007ff970df8000 	C:\Users\rayya\.p2\pool\plugins\org.eclipse.justj.openjdk.hotspot.jre.full.win32.x86_64_21.0.9.v20251105-0741\jre\bin\jli.dll
0x00007ff98e880000 - 0x00007ff98ea46000 	C:\WINDOWS\System32\USER32.dll
0x00007ff9725a0000 - 0x00007ff972833000 	C:\WINDOWS\WinSxS\amd64_microsoft.windows.common-controls_6595b64144ccf1df_6.0.26100.7824_none_3e0870b2e3345462\COMCTL32.dll
0x00007ff98d530000 - 0x00007ff98d5d9000 	C:\WINDOWS\System32\msvcrt.dll
0x00007ff98c2c0000 - 0x00007ff98c2e7000 	C:\WINDOWS\System32\win32u.dll
0x00007ff98f100000 - 0x00007ff98f12b000 	C:\WINDOWS\System32\GDI32.dll
0x00007ff98ccb0000 - 0x00007ff98cddb000 	C:\WINDOWS\System32\gdi32full.dll
0x00007ff98c150000 - 0x00007ff98c1f3000 	C:\WINDOWS\System32\msvcp_win.dll
0x00007ff98da00000 - 0x00007ff98da31000 	C:\WINDOWS\System32\IMM32.DLL
0x00007ff97c060000 - 0x00007ff97c06c000 	C:\Users\rayya\.p2\pool\plugins\org.eclipse.justj.openjdk.hotspot.jre.full.win32.x86_64_21.0.9.v20251105-0741\jre\bin\vcruntime140_1.dll
0x00007ff942000000 - 0x00007ff94208d000 	C:\Users\rayya\.p2\pool\plugins\org.eclipse.justj.openjdk.hotspot.jre.full.win32.x86_64_21.0.9.v20251105-0741\jre\bin\msvcp140.dll
0x00007ff90d5e0000 - 0x00007ff90e380000 	C:\Users\rayya\.p2\pool\plugins\org.eclipse.justj.openjdk.hotspot.jre.full.win32.x86_64_21.0.9.v20251105-0741\jre\bin\server\jvm.dll
0x00007ff98dee0000 - 0x00007ff98df94000 	C:\WINDOWS\System32\ADVAPI32.dll
0x00007ff98d030000 - 0x00007ff98d0d6000 	C:\WINDOWS\System32\sechost.dll
0x00007ff98d110000 - 0x00007ff98d228000 	C:\WINDOWS\System32\RPCRT4.dll
0x00007ff98cf40000 - 0x00007ff98cfb4000 	C:\WINDOWS\System32\WS2_32.dll
0x00007ff98b270000 - 0x00007ff98b2ce000 	C:\WINDOWS\SYSTEM32\POWRPROF.dll
0x00007ff97cee0000 - 0x00007ff97cf15000 	C:\WINDOWS\SYSTEM32\WINMM.dll
0x00007ff9822d0000 - 0x00007ff9822db000 	C:\WINDOWS\SYSTEM32\VERSION.dll
0x00007ff98b250000 - 0x00007ff98b264000 	C:\WINDOWS\SYSTEM32\UMPDC.dll
0x00007ff98a800000 - 0x00007ff98a81b000 	C:\WINDOWS\SYSTEM32\kernel.appcore.dll
0x00007ff987ca0000 - 0x00007ff987caa000 	C:\Users\rayya\.p2\pool\plugins\org.eclipse.justj.openjdk.hotspot.jre.full.win32.x86_64_21.0.9.v20251105-0741\jre\bin\jimage.dll
0x00007ff989980000 - 0x00007ff989bc2000 	C:\WINDOWS\SYSTEM32\DBGHELP.DLL
0x00007ff98d670000 - 0x00007ff98d9f6000 	C:\WINDOWS\System32\combase.dll
0x00007ff98dc20000 - 0x00007ff98dcf7000 	C:\WINDOWS\System32\OLEAUT32.dll
0x00007ff9709d0000 - 0x00007ff970a0b000 	C:\WINDOWS\SYSTEM32\dbgcore.DLL
0x00007ff98cde0000 - 0x00007ff98ce85000 	C:\WINDOWS\System32\bcryptPrimitives.dll
0x00007ff982ee0000 - 0x00007ff982f00000 	C:\Users\rayya\.p2\pool\plugins\org.eclipse.justj.openjdk.hotspot.jre.full.win32.x86_64_21.0.9.v20251105-0741\jre\bin\java.dll
0x00007ff98dfa0000 - 0x00007ff98e6f2000 	C:\WINDOWS\System32\SHELL32.dll
0x00007ff98bfe0000 - 0x00007ff98c14a000 	C:\WINDOWS\System32\wintypes.dll
0x00007ff98c2f0000 - 0x00007ff98cb53000 	C:\WINDOWS\System32\windows.storage.dll
0x00007ff98d230000 - 0x00007ff98d326000 	C:\WINDOWS\System32\SHCORE.dll
0x00007ff98cfc0000 - 0x00007ff98d027000 	C:\WINDOWS\System32\shlwapi.dll
0x00007ff98b980000 - 0x00007ff98b9a9000 	C:\WINDOWS\SYSTEM32\profapi.dll
0x00007ff982830000 - 0x00007ff982848000 	C:\Users\rayya\.p2\pool\plugins\org.eclipse.justj.openjdk.hotspot.jre.full.win32.x86_64_21.0.9.v20251105-0741\jre\bin\zip.dll
0x00007ff983c40000 - 0x00007ff983c50000 	C:\Users\rayya\.p2\pool\plugins\org.eclipse.justj.openjdk.hotspot.jre.full.win32.x86_64_21.0.9.v20251105-0741\jre\bin\net.dll
0x00007ff983690000 - 0x00007ff9837b7000 	C:\WINDOWS\SYSTEM32\WINHTTP.dll
0x00007ff98ad70000 - 0x00007ff98addb000 	C:\WINDOWS\system32\mswsock.dll
0x00007ff980ea0000 - 0x00007ff980eb6000 	C:\Users\rayya\.p2\pool\plugins\org.eclipse.justj.openjdk.hotspot.jre.full.win32.x86_64_21.0.9.v20251105-0741\jre\bin\nio.dll
0x00007ff973270000 - 0x00007ff97327a000 	C:\Users\rayya\.p2\pool\plugins\org.eclipse.justj.openjdk.hotspot.jre.full.win32.x86_64_21.0.9.v20251105-0741\jre\bin\management.dll
0x00007ff971560000 - 0x00007ff97156c000 	C:\Users\rayya\.p2\pool\plugins\org.eclipse.justj.openjdk.hotspot.jre.full.win32.x86_64_21.0.9.v20251105-0741\jre\bin\management_ext.dll
0x00007ff98ead0000 - 0x00007ff98ead8000 	C:\WINDOWS\System32\PSAPI.DLL
0x00007ff97c050000 - 0x00007ff97c05e000 	C:\Users\rayya\.p2\pool\plugins\org.eclipse.justj.openjdk.hotspot.jre.full.win32.x86_64_21.0.9.v20251105-0741\jre\bin\sunmscapi.dll
0x00007ff98be60000 - 0x00007ff98bfd7000 	C:\WINDOWS\System32\CRYPT32.dll
0x00007ff98b380000 - 0x00007ff98b3b0000 	C:\WINDOWS\SYSTEM32\ncrypt.dll
0x00007ff98b330000 - 0x00007ff98b36f000 	C:\WINDOWS\SYSTEM32\NTASN1.dll
0x00007ff98b0c0000 - 0x00007ff98b0db000 	C:\WINDOWS\SYSTEM32\CRYPTSP.dll
0x00007ff98a740000 - 0x00007ff98a779000 	C:\WINDOWS\system32\rsaenh.dll
0x00007ff98ae20000 - 0x00007ff98ae4b000 	C:\WINDOWS\SYSTEM32\USERENV.dll
0x00007ff98b950000 - 0x00007ff98b97a000 	C:\WINDOWS\SYSTEM32\bcrypt.dll
0x00007ff98b0b0000 - 0x00007ff98b0bc000 	C:\WINDOWS\SYSTEM32\CRYPTBASE.dll
0x00007ff98a1d0000 - 0x00007ff98a204000 	C:\WINDOWS\SYSTEM32\IPHLPAPI.DLL
0x00007ff98dd00000 - 0x00007ff98dd0a000 	C:\WINDOWS\System32\NSI.dll
0x00007ff98a210000 - 0x00007ff98a33c000 	C:\WINDOWS\SYSTEM32\DNSAPI.dll
0x00007ff982f40000 - 0x00007ff982f4b000 	C:\Windows\System32\rasadhlp.dll
0x00007ff9868a0000 - 0x00007ff986926000 	C:\WINDOWS\System32\fwpuclnt.dll
0x00007ff97c0c0000 - 0x00007ff97c0c9000 	C:\Users\rayya\.p2\pool\plugins\org.eclipse.justj.openjdk.hotspot.jre.full.win32.x86_64_21.0.9.v20251105-0741\jre\bin\extnet.dll
0x00007ff95f180000 - 0x00007ff95f188000 	C:\WINDOWS\system32\wshunix.dll

JVMTI agents: none

dbghelp: loaded successfully - version: 4.0.5 - missing functions: none
symbol engine: initialized successfully - sym options: 0x614 - pdb path: .;C:\Users\rayya\.p2\pool\plugins\org.eclipse.justj.openjdk.hotspot.jre.full.win32.x86_64_21.0.9.v20251105-0741\jre\bin;C:\WINDOWS\SYSTEM32;C:\WINDOWS\WinSxS\amd64_microsoft.windows.common-controls_6595b64144ccf1df_6.0.26100.7824_none_3e0870b2e3345462;C:\Users\rayya\.p2\pool\plugins\org.eclipse.justj.openjdk.hotspot.jre.full.win32.x86_64_21.0.9.v20251105-0741\jre\bin\server

VM Arguments:
jvm_args: -Dfile.encoding=UTF-8 -Dstdout.encoding=UTF-8 -Dstderr.encoding=UTF-8 -XX:+ShowCodeDetailsInExceptionMessages 
java_command: com.Rayan.TradingApplication
java_class_path (initial): D:\Spring\Trading\target\classes;C:\Users\rayya\.m2\repository\org\springframework\boot\spring-boot-starter-data-jpa\4.0.2\spring-boot-starter-data-jpa-4.0.2.jar;C:\Users\rayya\.m2\repository\org\springframework\boot\spring-boot-starter\4.0.2\spring-boot-starter-4.0.2.jar;C:\Users\rayya\.m2\repository\org\springframework\boot\spring-boot-starter-logging\4.0.2\spring-boot-starter-logging-4.0.2.jar;C:\Users\rayya\.m2\repository\ch\qos\logback\logback-classic\1.5.25\logback-classic-1.5.25.jar;C:\Users\rayya\.m2\repository\ch\qos\logback\logback-core\1.5.25\logback-core-1.5.25.jar;C:\Users\rayya\.m2\repository\org\apache\logging\log4j\log4j-to-slf4j\2.25.3\log4j-to-slf4j-2.25.3.jar;C:\Users\rayya\.m2\repository\org\apache\logging\log4j\log4j-api\2.25.3\log4j-api-2.25.3.jar;C:\Users\rayya\.m2\repository\org\slf4j\jul-to-slf4j\2.0.17\jul-to-slf4j-2.0.17.jar;C:\Users\rayya\.m2\repository\jakarta\annotation\jakarta.annotation-api\3.0.0\jakarta.annotation-api-3.0.0.jar;C:\Users\rayya\.m2\repository\org\yaml\snakeyaml\2.5\snakeyaml-2.5.jar;C:\Users\rayya\.m2\repository\org\springframework\boot\spring-boot-starter-jdbc\4.0.2\spring-boot-starter-jdbc-4.0.2.jar;C:\Users\rayya\.m2\repository\com\zaxxer\HikariCP\7.0.2\HikariCP-7.0.2.jar;C:\Users\rayya\.m2\repository\org\slf4j\slf4j-api\2.0.17\slf4j-api-2.0.17.jar;C:\Users\rayya\.m2\repository\org\springframework\boot\spring-boot-data-jpa\4.0.2\spring-boot-data-jpa-4.0.2.jar;C:\Users\rayya\.m2\repository\org\springframework\boot\spring-boot-data-commons\4.0.2\spring-boot-data-commons-4.0.2.jar;C:\Users\rayya\.m2\repository\org\springframework\boot\spring-boot-persistence\4.0.2\spring-boot-persistence-4.0.2.jar;C:\Users\rayya\.m2\repository\org\springframework\data\spring-data-commons\4.0.2\spring-data-commons-4.0.2.jar;C:\Users\rayya\.m2\repository\org\springframework\boot\spring-boot-hibernate\4.0.2\spring-boot-hibernate-4.0.2.jar;C:\Users\rayya\.m2\repository\org\springframework\boot\spring-boot-jpa\4.0.2\spring-boot-jpa-4.0.2.jar;C:\Users\rayya\.m2\repository\jakarta\persistence\jakarta.persistence-api\3.2.0\jakarta.persistence-api-3.2.0.jar;C:\Users\rayya\.m2\repository\org\hibernate\orm\hibernate-core\7.2.1.Final\hibernate-core-7.2.1.Final.jar;C:\Users\rayya\.m2\repository\jakarta\transaction\jakarta.transaction-api\2.0.1\jakarta.transaction-api-2.0.1.jar;C:\Users\rayya\.m2\repository\org\jboss\logging\jboss-logging\3.6.1.Final\jboss-logging-3.6.1.Final.jar;C:\Users\rayya\.m2\repository\org\hibernate\models\hibernate-models\1.0.1\hibernate-models-1.0.1.jar;C:\Users\rayya\.m2\repository\com\fasterxml\classmate\1.7.3\classmate-1.7.3.jar;C:\Users\rayya\.m2\repository\org\glassfish\jaxb\jaxb-runtime\4.0.6\jaxb-runtime-4.0.6.jar;C:\Users\rayya\.m2\repository\org\glassfish\jaxb\jaxb-core\4.0.6\jaxb-core-4.0.6.jar;C:\Users\rayya\.m2\repository\org\glassfish\jaxb\txw2\4.0.6\txw2-4.0.6.jar;C:\Users\rayya\.m2\repository\com\sun\istack\istack-commons-runtime\4.1.2\istack-commons-runtime-4.1.2.jar;C:\Users\rayya\.m2\repository\jakarta\inject\jakarta.inject-api\2.0.1\jakarta.inject-api-2.0.1.jar;C:\Users\rayya\.m2\repository\org\springframework\spring-orm\7.0.3\spring-orm-7.0.3.jar;C:\Users\rayya\.m2\repository\org\springframework\data\spring-data-jpa\4.0.2\spring-data-jpa-4.0.2.jar;C:\Users\rayya\.m2\repository\org\springframework\spring-tx\7.0.3\spring-tx-7.0.3.jar;C:\Users\rayya\.m2\repository\org\antlr\antlr4-runtime\4.13.2\antlr4-runtime-4.13.2.jar;C:\Users\rayya\.m2\repository\org\springframework\spring-aspects\7.0.3\spring-aspects-7.0.3.jar;C:\Users\rayya\.m2\repository\org\aspectj\aspectjweaver\1.9.25.1\aspectjweaver-1.9.25.1.jar;C:\Users\rayya\.m2\repository\org\springframework\boot\spring-boot-jdbc\4.0.2\spring-boot-jdbc-4.0.2.jar;C:\Users\rayya\.m2\repository\org\springframework\boot\spring-boot-sql\4.0.2\spring-boot-sql-4.0.2.jar;C:\Users\rayya\.m2\repository\org\springframework\boot\spring-boot-transaction\4.0.2\spring-boot-transaction-4.0.2.jar;C:\Users\rayya\.m2\repository\org\springframework\spring-jdbc\7.0.3\spring-jdbc-7.0.3.jar;C:\Users\rayya\.m2\repository\org\springframework\boot\spring-boot-starter-mail\4.0.2\spring-boot-starter-mail-4.0.2.jar;C:\Users\rayya\.m2\repository\org\springframework\boot\spring-boot-mail\4.0.2\spring-boot-mail-4.0.2.jar;C:\Users\rayya\.m2\repository\org\springframework\spring-context-support\7.0.3\spring-context-support-7.0.3.jar;C:\Users\rayya\.m2\repository\jakarta\mail\jakarta.mail-api\2.1.5\jakarta.mail-api-2.1.5.jar;C:\Users\rayya\.m2\repository\jakarta\activation\jakarta.activation-api\2.1.4\jakarta.activation-api-2.1.4.jar;C:\Users\rayya\.m2\repository\org\eclipse\angus\angus-mail\2.0.5\angus-mail-2.0.5.jar;C:\Users\rayya\.m2\repository\org\eclipse\angus\angus-activation\2.0.3\angus-activation-2.0.3.jar;C:\Users\rayya\.m2\repository\org\springdoc\springdoc-openapi-starter-webmvc-ui\2.5.0\springdoc-openapi-starter-webmvc-ui-2.5.0.jar;C:\Users\rayya\.m2\repository\org\springdoc\springdoc-openapi-starter-webmvc-api\2.5.0\springdoc-openapi-starter-webmvc-api-2.5.0.jar;C:\Users\rayya\.m2\repository\org\springdoc\springdoc-openapi-starter-common\2.5.0\springdoc-openapi-starter-common-2.5.0.jar;C:\Users\rayya\.m2\repository\io\swagger\core\v3\swagger-core-jakarta\2.2.21\swagger-core-jakarta-2.2.21.jar;C:\Users\rayya\.m2\repository\io\swagger\core\v3\swagger-annotations-jakarta\2.2.21\swagger-annotations-jakarta-2.2.21.jar;C:\Users\rayya\.m2\repository\io\swagger\core\v3\swagger-models-jakarta\2.2.21\swagger-models-jakarta-2.2.21.jar;C:\Users\rayya\.m2\repository\jakarta\validation\jakarta.validation-api\3.1.1\jakarta.validation-api-3.1.1.jar;C:\Users\rayya\.m2\repository\com\fasterxml\jackson\dataformat\jackson-dataformat-yaml\2.20.2\jackson-dataformat-yaml-2.20.2.jar;C:\Users\rayya\.m2\repository\com\fasterxml\jackson\datatype\jackson-datatype-jsr310\2.20.2\jackson-datatype-jsr310-2.20.2.jar;C:\Users\rayya\.m2\repository\org\springframework\spring-webmvc\7.0.3\spring-webmvc-7.0.3.jar;C:\Users\rayya\.m2\repository\org\springframework\spring-expression\7.0.3\spring-expression-7.0.3.jar;C:\Users\rayya\.m2\repository\org\webjars\swagger-ui\5.13.0\swagger-ui-5.13.0.jar;C:\Users\rayya\.m2\repository\com\razorpay\razorpay-java\1.4.3\razorpay-java-1.4.3.jar;C:\Users\rayya\.m2\repository\org\json\json\20180130\json-20180130.jar;C:\Users\rayya\.m2\repository\com\squareup\okhttp3\okhttp\3.10.0\okhttp-3.10.0.jar;C:\Users\rayya\.m2\repository\com\squareup\okio\okio\1.14.0\okio-1.14.0.jar;C:\Users\rayya\.m2\repository\com\squareup\okhttp3\logging-interceptor\3.10.0\logging-interceptor-3.10.0.jar;C:\Users\rayya\.m2\repository\commons-codec\commons-codec\1.19.0\commons-codec-1.19.0.jar;C:\Users\rayya\.m2\repository\org\apache\commons\commons-text\1.3\commons-text-1.3.jar;C:\Users\rayya\.m2\repository\org\apache\commons\commons-lang3\3.19.0\commons-lang3-3.19.0.jar;C:\Users\rayya\.m2\repository\com\stripe\stripe-java\20.62.0\stripe-java-20.62.0.jar;C:\Users\rayya\.m2\repository\com\google\code\gson\gson\2.13.2\gson-2.13.2.jar;C:\Users\rayya\.m2\repository\com\google\errorprone\error_prone_annotations\2.41.0\error_prone_annotations-2.41.0.jar;C:\Users\rayya\.m2\repository\org\springframework\boot\spring-boot-starter-security\4.0.2\spring-boot-starter-security-4.0.2.jar;C:\Users\rayya\.m2\repository\org\springframework\boot\spring-boot-security\4.0.2\spring-boot-security-4.0.2.jar;C:\Users\rayya\.m2\repository\org\springframework\security\spring-security-config\7.0.2\spring-security-config-7.0.2.jar;C:\Users\rayya\.m2\repository\org\springframework\security\spring-security-core\7.0.2\spring-security-core-7.0.2.jar;C:\Users\rayya\.m2\repository\org\springframework\security\spring-security-crypto\7.0.2\spring-security-crypto-7.0.2.jar;C:\Users\rayya\.m2\repository\org\springframework\security\spring-security-web\7.0.2\spring-security-web-7.0.2.jar;C:\Users\rayya\.m2\repository\org\springframework\spring-aop\7.0.3\spring-aop-7.0.3.jar;C:\Users\rayya\.m2\repository\org\springframework\spring-beans\7.0.3\spring-beans-7.0.3.jar;C:\Users\rayya\.m2\repository\org\springframework\spring-core\7.0.3\spring-core-7.0.3.jar;C:\Users\rayya\.m2\repository\commons-logging\commons-logging\1.3.5\commons-logging-1.3.5.jar;C:\Users\rayya\.m2\repository\org\jspecify\jspecify\1.0.0\jspecify-1.0.0.jar;C:\Users\rayya\.m2\repository\org\springframework\boot\spring-boot-starter-webmvc\4.0.2\spring-boot-starter-webmvc-4.0.2.jar;C:\Users\rayya\.m2\repository\org\springframework\boot\spring-boot-starter-jackson\4.0.2\spring-boot-starter-jackson-4.0.2.jar;C:\Users\rayya\.m2\repository\org\springframework\boot\spring-boot-jackson\4.0.2\spring-boot-jackson-4.0.2.jar;C:\Users\rayya\.m2\repository\tools\jackson\core\jackson-databind\3.0.4\jackson-databind-3.0.4.jar;C:\Users\rayya\.m2\repository\tools\jackson\core\jackson-core\3.0.4\jackson-core-3.0.4.jar;C:\Users\rayya\.m2\repository\org\springframework\boot\spring-boot-starter-tomcat\4.0.2\spring-boot-starter-tomcat-4.0.2.jar;C:\Users\rayya\.m2\repository\org\springframework\boot\spring-boot-starter-tomcat-runtime\4.0.2\spring-boot-starter-tomcat-runtime-4.0.2.jar;C:\Users\rayya\.m2\repository\org\apache\tomcat\embed\tomcat-embed-core\11.0.15\tomcat-embed-core-11.0.15.jar;C:\Users\rayya\.m2\repository\org\apache\tomcat\embed\tomcat-embed-el\11.0.15\tomcat-embed-el-11.0.15.jar;C:\Users\rayya\.m2\repository\org\apache\tomcat\embed\tomcat-embed-websocket\11.0.15\tomcat-embed-websocket-11.0.15.jar;C:\Users\rayya\.m2\repository\org\springframework\boot\spring-boot-tomcat\4.0.2\spring-boot-tomcat-4.0.2.jar;C:\Users\rayya\.m2\repository\org\springframework\boot\spring-boot-http-converter\4.0.2\spring-boot-http-converter-4.0.2.jar;C:\Users\rayya\.m2\repository\org\springframework\spring-web\7.0.3\spring-web-7.0.3.jar;C:\Users\rayya\.m2\repository\io\micrometer\micrometer-observation\1.16.2\micrometer-observation-1.16.2.jar;C:\Users\rayya\.m2\repository\io\micrometer\micrometer-commons\1.16.2\micrometer-commons-1.16.2.jar;C:\Users\rayya\.m2\repository\org\springframework\boot\spring-boot-webmvc\4.0.2\spring-boot-webmvc-4.0.2.jar;C:\Users\rayya\.m2\repository\org\springframework\boot\spring-boot-servlet\4.0.2\spring-boot-servlet-4.0.2.jar;C:\Users\rayya\.m2\repository\io\jsonwebtoken\jjwt-api\0.11.5\jjwt-api-0.11.5.jar;C:\Users\rayya\.m2\repository\io\jsonwebtoken\jjwt-impl\0.11.5\jjwt-impl-0.11.5.jar;C:\Users\rayya\.m2\repository\io\jsonwebtoken\jjwt-jackson\0.11.5\jjwt-jackson-0.11.5.jar;C:\Users\rayya\.m2\repository\com\fasterxml\jackson\core\jackson-databind\2.20.2\jackson-databind-2.20.2.jar;C:\Users\rayya\.m2\repository\com\fasterxml\jackson\core\jackson-annotations\2.20\jackson-annotations-2.20.jar;C:\Users\rayya\.m2\repository\com\fasterxml\jackson\core\jackson-core\2.20.2\jackson-core-2.20.2.jar;C:\Users\rayya\.m2\repository\org\springframework\boot\spring-boot-devtools\4.0.2\spring-boot-devtools-4.0.2.jar;C:\Users\rayya\.m2\repository\org\springframework\boot\spring-boot\4.0.2\spring-boot-4.0.2.jar;C:\Users\rayya\.m2\repository\org\springframework\spring-context\7.0.3\spring-context-7.0.3.jar;C:\Users\rayya\.m2\repository\org\springframework\boot\spring-boot-autoconfigure\4.0.2\spring-boot-autoconfigure-4.0.2.jar;C:\Users\rayya\.m2\repository\com\mysql\mysql-connector-j\9.5.0\mysql-connector-j-9.5.0.jar;C:\Users\rayya\.m2\repository\jakarta\xml\bind\jakarta.xml.bind-api\4.0.4\jakarta.xml.bind-api-4.0.4.jar;C:\Users\rayya\.m2\repository\net\bytebuddy\byte-buddy\1.17.8\byte-buddy-1.17.8.jar;C:\Users\rayya\.m2\repository\org\springframework\boot\spring-boot-web-server\4.0.2\spring-boot-web-server-4.0.2.jar
Launcher Type: SUN_STANDARD

[Global flags]
     intx CICompilerCount                          = 4                                         {product} {ergonomic}
     uint ConcGCThreads                            = 3                                         {product} {ergonomic}
     uint G1ConcRefinementThreads                  = 10                                        {product} {ergonomic}
   size_t G1HeapRegionSize                         = 2097152                                   {product} {ergonomic}
    uintx GCDrainStackTargetSize                   = 64                                        {product} {ergonomic}
   size_t InitialHeapSize                          = 264241152                                 {product} {ergonomic}
   size_t MarkStackSize                            = 4194304                                   {product} {ergonomic}
   size_t MaxHeapSize                              = 4223664128                                {product} {ergonomic}
   size_t MaxNewSize                               = 2533359616                                {product} {ergonomic}
   size_t MinHeapDeltaBytes                        = 2097152                                   {product} {ergonomic}
   size_t MinHeapSize                              = 8388608                                   {product} {ergonomic}
    uintx NonNMethodCodeHeapSize                   = 5839372                                {pd product} {ergonomic}
    uintx NonProfiledCodeHeapSize                  = 122909434                              {pd product} {ergonomic}
    uintx ProfiledCodeHeapSize                     = 122909434                              {pd product} {ergonomic}
    uintx ReservedCodeCacheSize                    = 251658240                              {pd product} {ergonomic}
     bool SegmentedCodeCache                       = true                                      {product} {ergonomic}
     bool ShowCodeDetailsInExceptionMessages       = true                                   {manageable} {command line}
   size_t SoftMaxHeapSize                          = 4223664128                             {manageable} {ergonomic}
     bool UseCompressedOops                        = true                           {product lp64_product} {ergonomic}
     bool UseG1GC                                  = true                                      {product} {ergonomic}
     bool UseLargePagesIndividualAllocation        = false                                  {pd product} {ergonomic}

Logging:
Log output configuration:
 #0: stdout all=warning uptime,level,tags foldmultilines=false
 #1: stderr all=off uptime,level,tags foldmultilines=false

Release file:
JAVA_VERSION="21.0.9" 
MODULES="java.base java.compiler java.datatransfer java.xml java.prefs java.desktop java.instrument java.logging java.management java.security.sasl java.naming java.rmi java.management.rmi java.net.http java.scripting java.security.jgss java.transaction.xa java.sql java.sql.rowset java.xml.crypto java.se java.smartcardio jdk.accessibility jdk.internal.jvmstat jdk.attach jdk.charsets jdk.internal.opt jdk.zipfs jdk.compiler jdk.crypto.ec jdk.crypto.cryptoki jdk.crypto.mscapi jdk.dynalink jdk.internal.ed jdk.editpad jdk.hotspot.agent jdk.httpserver jdk.internal.le jdk.internal.vm.ci jdk.internal.vm.compiler jdk.internal.vm.compiler.management jdk.jartool jdk.javadoc jdk.jcmd jdk.management jdk.management.agent jdk.jconsole jdk.jdeps jdk.jdwp.agent jdk.jdi jdk.jfr jdk.jshell jdk.jsobject jdk.jstatd jdk.localedata jdk.management.jfr jdk.naming.dns jdk.naming.rmi jdk.net jdk.nio.mapmode jdk.random jdk.sctp jdk.security.auth jdk.security.jgss jdk.unsupported jdk.unsupported.desktop jdk.xml.dom" 

Environment Variables:
JAVA_HOME=C:\Program Files\Java\jdk-25
PATH=C:/Users/rayya/.p2/pool/plugins/org.eclipse.justj.openjdk.hotspot.jre.full.win32.x86_64_21.0.9.v20251105-0741/jre/bin/server;C:/Users/rayya/.p2/pool/plugins/org.eclipse.justj.openjdk.hotspot.jre.full.win32.x86_64_21.0.9.v20251105-0741/jre/bin;C:\Program Files\Common Files\Oracle\Java\javapath;C:\Windows\system32;C:\Windows;C:\Windows\System32\Wbem;C:\Windows\System32\WindowsPowerShell\v1.0\;C:\Windows\System32\OpenSSH\;C:\Program Files (x86)\NVIDIA Corporation\PhysX\Common;C:\WINDOWS\system32;C:\WINDOWS;C:\WINDOWS\System32\Wbem;C:\WINDOWS\System32\WindowsPowerShell\v1.0\;C:\WINDOWS\System32\OpenSSH\;C:\Program Files\dotnet\;C:\Program Files\NVIDIA Corporation\NVIDIA app\NvDLISR;C:\Program Files\nodejs\;C:\Program Files\Git\cmd;C:\Program Files\CMake\bin;C:\Program Files\MySQL\MySQL Server 8.0\bin;C:\Program Files\maven-mvnd-1.0.3-windows-amd64\maven-mvnd-1.0.3-windows-amd64\bin;C:\Program Files\MySQL\MySQL Shell 8.0\bin\;C:\Users\rayya\AppData\Local\Programs\Python\Launcher\;C:\Users\rayya\.cargo\bin;C:\Users\rayya\AppData\Local\Microsoft\WindowsApps;C:\Users\rayya\AppData\Local\Programs\Microsoft VS Code\bin;C:\Users\rayya\AppData\Roaming\npm;C:\msys64\ucrt64\bin;C:\Users\rayya\Desktop;
USERNAME=rayya
OS=Windows_NT
PROCESSOR_IDENTIFIER=Intel64 Family 6 Model 154 Stepping 3, GenuineIntel
TMP=C:\Users\rayya\AppData\Local\Temp
TEMP=C:\Users\rayya\AppData\Local\Temp




Periodic native trim disabled

---------------  S Y S T E M  ---------------

OS:
 Windows 11 , 64 bit Build 26100 (10.0.26100.7705)
OS uptime: 5 days 2:59 hours
Hyper-V role detected

CPU: total 12 (initial active 12) (6 cores per cpu, 2 threads per core) family 6 model 154 stepping 3 microcode 0x435, cx8, cmov, fxsr, ht, mmx, 3dnowpref, sse, sse2, sse3, ssse3, sse4.1, sse4.2, popcnt, lzcnt, tsc, tscinvbit, avx, avx2, aes, erms, clmul, bmi1, bmi2, adx, sha, fma, vzeroupper, clflush, clflushopt, clwb, hv, serialize, rdtscp, rdpid, fsrm, f16c, cet_ibt, cet_ss
Processor Information for processor 0
  Max Mhz: 2000, Current Mhz: 2000, Mhz Limit: 2000
Processor Information for processor 1
  Max Mhz: 2000, Current Mhz: 2000, Mhz Limit: 2000
Processor Information for processor 2
  Max Mhz: 2000, Current Mhz: 2000, Mhz Limit: 2000
Processor Information for processor 3
  Max Mhz: 2000, Current Mhz: 2000, Mhz Limit: 2000
Processor Information for processor 4
  Max Mhz: 2000, Current Mhz: 2000, Mhz Limit: 2000
Processor Information for processor 5
  Max Mhz: 2000, Current Mhz: 2000, Mhz Limit: 2000
Processor Information for processor 6
  Max Mhz: 2000, Current Mhz: 2000, Mhz Limit: 2000
Processor Information for processor 7
  Max Mhz: 2000, Current Mhz: 2000, Mhz Limit: 2000
Processor Information for processor 8
  Max Mhz: 2000, Current Mhz: 1500, Mhz Limit: 1500
Processor Information for processor 9
  Max Mhz: 2000, Current Mhz: 1500, Mhz Limit: 1500
Processor Information for processor 10
  Max Mhz: 2000, Current Mhz: 1500, Mhz Limit: 1500
Processor Information for processor 11
  Max Mhz: 2000, Current Mhz: 1500, Mhz Limit: 1500

Memory: 4k page, system-wide physical 16109M (2254M free)
TotalPageFile size 41109M (AvailPageFile size 20M)
current process WorkingSet (physical memory assigned to process): 331M, peak: 357M
current process commit charge ("private bytes"): 370M, peak: 402M

vm_info: OpenJDK 64-Bit Server VM (21.0.9+10-LTS) for windows-amd64 JRE (21.0.9+10-LTS), built on 2025-10-21T00:00:00Z by "admin" with unknown MS VC++:1942

END.
